2023-11-14 14:22:37,227 DEBUG    root            Loaded Command Group: ['gcloud', 'components']
2023-11-14 14:22:37,230 DEBUG    root            Loaded Command Group: ['gcloud', 'components', 'update']
2023-11-14 14:22:37,232 DEBUG    root            Running [gcloud.components.update] with arguments: [--quiet: "True", COMPONENT-IDS:8: "['gcloud', 'core', 'bq', 'gsutil', 'compute', 'preview', 'alpha', 'beta']"]
2023-11-14 14:22:37,233 INFO     ___FILE_ONLY___ Beginning update. This process may take several minutes.

2023-11-14 14:22:37,238 DEBUG    urllib3.connectionpool Starting new HTTPS connection (1): dl.google.com:443
2023-11-14 14:22:37,319 DEBUG    urllib3.connectionpool https://dl.google.com:443 "GET /dl/cloudsdk/channels/rapid/components-2.json HTTP/1.1" 200 209938
2023-11-14 14:22:37,340 WARNING  root            Component [compute] no longer exists.
2023-11-14 14:22:37,340 WARNING  root            Component [preview] no longer exists.
2023-11-14 14:22:37,341 INFO     ___FILE_ONLY___ 

2023-11-14 14:22:37,342 INFO     ___FILE_ONLY___ 
Your current Google Cloud CLI version is: 454.0.0

2023-11-14 14:22:37,342 INFO     ___FILE_ONLY___ Installing components from version: 454.0.0

2023-11-14 14:22:37,342 INFO     ___FILE_ONLY___ 

2023-11-14 14:22:37,342 DEBUG    root            Chosen display Format:table[box,title="These components will be removed."](details.display_name:label=Name:align=left,version.version_string:label=Version:align=right,data.size.size(zero="",min=1048576):label=Size:align=right)
2023-11-14 14:22:37,343 DEBUG    root            Chosen display Format:table[box,title="These components will be updated."](details.display_name:label=Name:align=left,version.version_string:label=Version:align=right,data.size.size(zero="",min=1048576):label=Size:align=right)
2023-11-14 14:22:37,344 DEBUG    root            Chosen display Format:table[box,title="These components will be installed."](details.display_name:label=Name:align=left,version.version_string:label=Version:align=right,data.size.size(zero="",min=1048576):label=Size:align=right)
2023-11-14 14:22:37,345 INFO     ___FILE_ONLY___ ┌──────────────────────────────────────────────┐
2023-11-14 14:22:37,346 INFO     ___FILE_ONLY___ 

2023-11-14 14:22:37,346 INFO     ___FILE_ONLY___ │     These components will be installed.      │
2023-11-14 14:22:37,346 INFO     ___FILE_ONLY___ 

2023-11-14 14:22:37,346 INFO     ___FILE_ONLY___ ├───────────────────────┬────────────┬─────────┤
2023-11-14 14:22:37,346 INFO     ___FILE_ONLY___ 

2023-11-14 14:22:37,346 INFO     ___FILE_ONLY___ │          Name         │  Version   │   Size  │
2023-11-14 14:22:37,346 INFO     ___FILE_ONLY___ 

2023-11-14 14:22:37,346 INFO     ___FILE_ONLY___ ├───────────────────────┼────────────┼─────────┤
2023-11-14 14:22:37,346 INFO     ___FILE_ONLY___ 

2023-11-14 14:22:37,346 INFO     ___FILE_ONLY___ │ 
2023-11-14 14:22:37,346 INFO     ___FILE_ONLY___ gcloud Alpha Commands
2023-11-14 14:22:37,346 INFO     ___FILE_ONLY___  
2023-11-14 14:22:37,346 INFO     ___FILE_ONLY___ │ 
2023-11-14 14:22:37,347 INFO     ___FILE_ONLY___ 2023.11.03
2023-11-14 14:22:37,347 INFO     ___FILE_ONLY___  
2023-11-14 14:22:37,347 INFO     ___FILE_ONLY___ │ 
2023-11-14 14:22:37,347 INFO     ___FILE_ONLY___ < 1 MiB
2023-11-14 14:22:37,347 INFO     ___FILE_ONLY___  
2023-11-14 14:22:37,347 INFO     ___FILE_ONLY___ │
2023-11-14 14:22:37,347 INFO     ___FILE_ONLY___ 

2023-11-14 14:22:37,347 INFO     ___FILE_ONLY___ │ 
2023-11-14 14:22:37,347 INFO     ___FILE_ONLY___ gcloud Beta Commands 
2023-11-14 14:22:37,347 INFO     ___FILE_ONLY___  
2023-11-14 14:22:37,347 INFO     ___FILE_ONLY___ │ 
2023-11-14 14:22:37,347 INFO     ___FILE_ONLY___ 2023.11.03
2023-11-14 14:22:37,347 INFO     ___FILE_ONLY___  
2023-11-14 14:22:37,347 INFO     ___FILE_ONLY___ │ 
2023-11-14 14:22:37,348 INFO     ___FILE_ONLY___ < 1 MiB
2023-11-14 14:22:37,348 INFO     ___FILE_ONLY___  
2023-11-14 14:22:37,348 INFO     ___FILE_ONLY___ │
2023-11-14 14:22:37,348 INFO     ___FILE_ONLY___ 

2023-11-14 14:22:37,348 INFO     ___FILE_ONLY___ └───────────────────────┴────────────┴─────────┘
2023-11-14 14:22:37,348 INFO     ___FILE_ONLY___ 

2023-11-14 14:22:37,348 INFO     ___FILE_ONLY___ 

2023-11-14 14:22:37,352 DEBUG    urllib3.connectionpool Starting new HTTPS connection (1): dl.google.com:443
2023-11-14 14:22:37,429 DEBUG    urllib3.connectionpool https://dl.google.com:443 "GET /dl/cloudsdk/channels/rapid/RELEASE_NOTES HTTP/1.1" 200 1107648
2023-11-14 14:22:37,491 INFO     ___FILE_ONLY___ For the latest full release notes, please visit:
  https://cloud.google.com/sdk/release_notes


2023-11-14 14:22:37,494 INFO     ___FILE_ONLY___ ╔════════════════════════════════════════════════════════════╗

2023-11-14 14:22:37,494 INFO     ___FILE_ONLY___ ╠═ Creating update staging area                             ═╣

2023-11-14 14:22:37,494 INFO     ___FILE_ONLY___ ╚
2023-11-14 14:22:37,494 INFO     ___FILE_ONLY___ ══════
2023-11-14 14:22:38,139 INFO     ___FILE_ONLY___ ══════
2023-11-14 14:22:38,139 INFO     ___FILE_ONLY___ ══════
2023-11-14 14:22:38,612 INFO     ___FILE_ONLY___ ═
2023-11-14 14:22:38,668 INFO     ___FILE_ONLY___ ═
2023-11-14 14:22:38,716 INFO     ___FILE_ONLY___ ═
2023-11-14 14:22:38,774 INFO     ___FILE_ONLY___ ═
2023-11-14 14:22:38,858 INFO     ___FILE_ONLY___ ═
2023-11-14 14:22:38,930 INFO     ___FILE_ONLY___ ═
2023-11-14 14:22:39,007 INFO     ___FILE_ONLY___ ═
2023-11-14 14:22:39,070 INFO     ___FILE_ONLY___ ═
2023-11-14 14:22:39,137 INFO     ___FILE_ONLY___ ═
2023-11-14 14:22:39,181 INFO     ___FILE_ONLY___ ═
2023-11-14 14:22:39,249 INFO     ___FILE_ONLY___ ═
2023-11-14 14:22:39,316 INFO     ___FILE_ONLY___ ═
2023-11-14 14:22:39,385 INFO     ___FILE_ONLY___ ═
2023-11-14 14:22:39,443 INFO     ___FILE_ONLY___ ═
2023-11-14 14:22:39,513 INFO     ___FILE_ONLY___ ═
2023-11-14 14:22:39,564 INFO     ___FILE_ONLY___ ═
2023-11-14 14:22:39,616 INFO     ___FILE_ONLY___ ═
2023-11-14 14:22:39,721 INFO     ___FILE_ONLY___ ═
2023-11-14 14:22:39,780 INFO     ___FILE_ONLY___ ═
2023-11-14 14:22:39,839 INFO     ___FILE_ONLY___ ═
2023-11-14 14:22:39,908 INFO     ___FILE_ONLY___ ═
2023-11-14 14:22:39,964 INFO     ___FILE_ONLY___ ═
2023-11-14 14:22:40,023 INFO     ___FILE_ONLY___ ═
2023-11-14 14:22:40,096 INFO     ___FILE_ONLY___ ═
2023-11-14 14:22:40,148 INFO     ___FILE_ONLY___ ═
2023-11-14 14:22:40,201 INFO     ___FILE_ONLY___ ═
2023-11-14 14:22:40,268 INFO     ___FILE_ONLY___ ═
2023-11-14 14:22:40,335 INFO     ___FILE_ONLY___ ═
2023-11-14 14:22:40,398 INFO     ___FILE_ONLY___ ═
2023-11-14 14:22:40,465 INFO     ___FILE_ONLY___ ═
2023-11-14 14:22:40,522 INFO     ___FILE_ONLY___ ═
2023-11-14 14:22:40,576 INFO     ___FILE_ONLY___ ═
2023-11-14 14:22:40,626 INFO     ___FILE_ONLY___ ═
2023-11-14 14:22:40,673 INFO     ___FILE_ONLY___ ═
2023-11-14 14:22:40,728 INFO     ___FILE_ONLY___ ═
2023-11-14 14:22:40,798 INFO     ___FILE_ONLY___ ═
2023-11-14 14:22:40,856 INFO     ___FILE_ONLY___ ═
2023-11-14 14:22:40,938 INFO     ___FILE_ONLY___ ═
2023-11-14 14:22:41,110 INFO     ___FILE_ONLY___ ═
2023-11-14 14:22:41,165 INFO     ___FILE_ONLY___ ═
2023-11-14 14:22:41,293 INFO     ___FILE_ONLY___ ═
2023-11-14 14:22:41,377 INFO     ___FILE_ONLY___ ═
2023-11-14 14:22:41,378 INFO     ___FILE_ONLY___ ╝

2023-11-14 14:22:44,533 INFO     ___FILE_ONLY___ ╔════════════════════════════════════════════════════════════╗

2023-11-14 14:22:44,533 INFO     ___FILE_ONLY___ ╠═ Installing: gcloud Alpha Commands                        ═╣

2023-11-14 14:22:44,533 INFO     ___FILE_ONLY___ ╚
2023-11-14 14:22:44,537 DEBUG    urllib3.connectionpool Starting new HTTPS connection (1): dl.google.com:443
2023-11-14 14:22:44,643 DEBUG    urllib3.connectionpool https://dl.google.com:443 "GET /dl/cloudsdk/channels/rapid/components/google-cloud-sdk-alpha-20231103141548.tar.gz HTTP/1.1" 200 800
2023-11-14 14:22:44,644 INFO     ___FILE_ONLY___ ══════════════════════════════
2023-11-14 14:22:44,645 INFO     ___FILE_ONLY___ ══════════════════════════════
2023-11-14 14:22:44,645 INFO     ___FILE_ONLY___ ╝

2023-11-14 14:22:44,653 INFO     ___FILE_ONLY___ ╔════════════════════════════════════════════════════════════╗

2023-11-14 14:22:44,653 INFO     ___FILE_ONLY___ ╠═ Installing: gcloud Beta Commands                         ═╣

2023-11-14 14:22:44,654 INFO     ___FILE_ONLY___ ╚
2023-11-14 14:22:44,657 DEBUG    urllib3.connectionpool Starting new HTTPS connection (1): dl.google.com:443
2023-11-14 14:22:44,735 DEBUG    urllib3.connectionpool https://dl.google.com:443 "GET /dl/cloudsdk/channels/rapid/components/google-cloud-sdk-beta-20231103141548.tar.gz HTTP/1.1" 200 797
2023-11-14 14:22:44,736 INFO     ___FILE_ONLY___ ══════════════════════════════
2023-11-14 14:22:44,737 INFO     ___FILE_ONLY___ ══════════════════════════════
2023-11-14 14:22:44,737 INFO     ___FILE_ONLY___ ╝

2023-11-14 14:22:44,745 INFO     ___FILE_ONLY___ ╔════════════════════════════════════════════════════════════╗

2023-11-14 14:22:44,745 INFO     ___FILE_ONLY___ ╠═ Creating backup and activating new installation          ═╣

2023-11-14 14:22:44,745 INFO     ___FILE_ONLY___ ╚
2023-11-14 14:22:44,745 DEBUG    root            Attempting to move directory [/tools/google-cloud-sdk] to [/tools/google-cloud-sdk.staging/.install/.backup]
2023-11-14 14:22:44,746 INFO     ___FILE_ONLY___ ══════════════════════════════
2023-11-14 14:22:44,746 DEBUG    root            Attempting to move directory [/tools/google-cloud-sdk.staging] to [/tools/google-cloud-sdk]
2023-11-14 14:22:44,746 INFO     ___FILE_ONLY___ ══════════════════════════════
2023-11-14 14:22:44,746 INFO     ___FILE_ONLY___ ╝

2023-11-14 14:22:44,750 DEBUG    root            Updating notification cache...
2023-11-14 14:22:44,751 INFO     ___FILE_ONLY___ 

2023-11-14 14:22:44,752 INFO     ___FILE_ONLY___ Performing post processing steps...
2023-11-14 14:22:44,753 DEBUG    root            Executing command: ['python3', '-S', '/tools/google-cloud-sdk/lib/gcloud.py', 'components', 'post-process']
2023-11-14 14:22:54,142 DEBUG    ___FILE_ONLY___ 
2023-11-14 14:22:54,142 DEBUG    ___FILE_ONLY___ 
2023-11-14 14:22:54,267 INFO     ___FILE_ONLY___ 
Update done!


2023-11-14 14:22:54,271 DEBUG    root            Chosen display Format:none
2023-11-14 14:22:54,271 INFO     root            Display format: "none"
