2023-11-14 14:22:02,897 DEBUG    root            Loaded Command Group: ['gcloud', 'components']
2023-11-14 14:22:02,900 DEBUG    root            Loaded Command Group: ['gcloud', 'components', 'update']
2023-11-14 14:22:02,903 DEBUG    root            Running [gcloud.components.update] with arguments: [--allow-no-backup: "True", --compile-python: "True", --quiet: "True", COMPONENT-IDS:7: "['core', 'gcloud-deps', 'bq', 'gcloud', 'gcloud-crc32c', 'gsutil', 'anthoscli']"]
2023-11-14 14:22:02,904 INFO     ___FILE_ONLY___ Beginning update. This process may take several minutes.

2023-11-14 14:22:14,946 DEBUG    urllib3.connectionpool Starting new HTTPS connection (1): dl.google.com:443
2023-11-14 14:22:15,025 DEBUG    urllib3.connectionpool https://dl.google.com:443 "GET /dl/cloudsdk/channels/rapid/components-2.json HTTP/1.1" 200 209938
2023-11-14 14:22:15,043 INFO     ___FILE_ONLY___ 

2023-11-14 14:22:15,044 INFO     ___FILE_ONLY___ 
Your current Google Cloud CLI version is: 454.0.0

2023-11-14 14:22:15,044 INFO     ___FILE_ONLY___ Installing components from version: 454.0.0

2023-11-14 14:22:15,044 INFO     ___FILE_ONLY___ 

2023-11-14 14:22:15,044 DEBUG    root            Chosen display Format:table[box,title="These components will be removed."](details.display_name:label=Name:align=left,version.version_string:label=Version:align=right,data.size.size(zero="",min=1048576):label=Size:align=right)
2023-11-14 14:22:15,045 DEBUG    root            Chosen display Format:table[box,title="These components will be updated."](details.display_name:label=Name:align=left,version.version_string:label=Version:align=right,data.size.size(zero="",min=1048576):label=Size:align=right)
2023-11-14 14:22:15,046 DEBUG    root            Chosen display Format:table[box,title="These components will be installed."](details.display_name:label=Name:align=left,version.version_string:label=Version:align=right,data.size.size(zero="",min=1048576):label=Size:align=right)
2023-11-14 14:22:15,053 INFO     ___FILE_ONLY___ ┌─────────────────────────────────────────────────────────────────────────────┐
2023-11-14 14:22:15,053 INFO     ___FILE_ONLY___ 

2023-11-14 14:22:15,053 INFO     ___FILE_ONLY___ │                     These components will be installed.                     │
2023-11-14 14:22:15,053 INFO     ___FILE_ONLY___ 

2023-11-14 14:22:15,053 INFO     ___FILE_ONLY___ ├─────────────────────────────────────────────────────┬────────────┬──────────┤
2023-11-14 14:22:15,053 INFO     ___FILE_ONLY___ 

2023-11-14 14:22:15,053 INFO     ___FILE_ONLY___ │                         Name                        │  Version   │   Size   │
2023-11-14 14:22:15,053 INFO     ___FILE_ONLY___ 

2023-11-14 14:22:15,053 INFO     ___FILE_ONLY___ ├─────────────────────────────────────────────────────┼────────────┼──────────┤
2023-11-14 14:22:15,054 INFO     ___FILE_ONLY___ 

2023-11-14 14:22:15,054 INFO     ___FILE_ONLY___ │ 
2023-11-14 14:22:15,054 INFO     ___FILE_ONLY___ BigQuery Command Line Tool                         
2023-11-14 14:22:15,054 INFO     ___FILE_ONLY___  
2023-11-14 14:22:15,054 INFO     ___FILE_ONLY___ │ 
2023-11-14 14:22:15,054 INFO     ___FILE_ONLY___     2.0.98
2023-11-14 14:22:15,054 INFO     ___FILE_ONLY___  
2023-11-14 14:22:15,054 INFO     ___FILE_ONLY___ │ 
2023-11-14 14:22:15,054 INFO     ___FILE_ONLY___  1.6 MiB
2023-11-14 14:22:15,054 INFO     ___FILE_ONLY___  
2023-11-14 14:22:15,054 INFO     ___FILE_ONLY___ │
2023-11-14 14:22:15,054 INFO     ___FILE_ONLY___ 

2023-11-14 14:22:15,054 INFO     ___FILE_ONLY___ │ 
2023-11-14 14:22:15,054 INFO     ___FILE_ONLY___ BigQuery Command Line Tool (Platform Specific)     
2023-11-14 14:22:15,055 INFO     ___FILE_ONLY___  
2023-11-14 14:22:15,055 INFO     ___FILE_ONLY___ │ 
2023-11-14 14:22:15,055 INFO     ___FILE_ONLY___     2.0.98
2023-11-14 14:22:15,055 INFO     ___FILE_ONLY___  
2023-11-14 14:22:15,055 INFO     ___FILE_ONLY___ │ 
2023-11-14 14:22:15,055 INFO     ___FILE_ONLY___  < 1 MiB
2023-11-14 14:22:15,055 INFO     ___FILE_ONLY___  
2023-11-14 14:22:15,055 INFO     ___FILE_ONLY___ │
2023-11-14 14:22:15,055 INFO     ___FILE_ONLY___ 

2023-11-14 14:22:15,055 INFO     ___FILE_ONLY___ │ 
2023-11-14 14:22:15,055 INFO     ___FILE_ONLY___ Bundled Python 3.9                                 
2023-11-14 14:22:15,055 INFO     ___FILE_ONLY___  
2023-11-14 14:22:15,055 INFO     ___FILE_ONLY___ │ 
2023-11-14 14:22:15,055 INFO     ___FILE_ONLY___     3.9.17
2023-11-14 14:22:15,055 INFO     ___FILE_ONLY___  
2023-11-14 14:22:15,056 INFO     ___FILE_ONLY___ │ 
2023-11-14 14:22:15,056 INFO     ___FILE_ONLY___ 62.4 MiB
2023-11-14 14:22:15,056 INFO     ___FILE_ONLY___  
2023-11-14 14:22:15,056 INFO     ___FILE_ONLY___ │
2023-11-14 14:22:15,056 INFO     ___FILE_ONLY___ 

2023-11-14 14:22:15,056 INFO     ___FILE_ONLY___ │ 
2023-11-14 14:22:15,056 INFO     ___FILE_ONLY___ Cloud Storage Command Line Tool                    
2023-11-14 14:22:15,056 INFO     ___FILE_ONLY___  
2023-11-14 14:22:15,056 INFO     ___FILE_ONLY___ │ 
2023-11-14 14:22:15,056 INFO     ___FILE_ONLY___       5.27
2023-11-14 14:22:15,056 INFO     ___FILE_ONLY___  
2023-11-14 14:22:15,056 INFO     ___FILE_ONLY___ │ 
2023-11-14 14:22:15,056 INFO     ___FILE_ONLY___ 11.3 MiB
2023-11-14 14:22:15,056 INFO     ___FILE_ONLY___  
2023-11-14 14:22:15,057 INFO     ___FILE_ONLY___ │
2023-11-14 14:22:15,057 INFO     ___FILE_ONLY___ 

2023-11-14 14:22:15,057 INFO     ___FILE_ONLY___ │ 
2023-11-14 14:22:15,057 INFO     ___FILE_ONLY___ Cloud Storage Command Line Tool (Platform Specific)
2023-11-14 14:22:15,057 INFO     ___FILE_ONLY___  
2023-11-14 14:22:15,057 INFO     ___FILE_ONLY___ │ 
2023-11-14 14:22:15,057 INFO     ___FILE_ONLY___       5.27
2023-11-14 14:22:15,057 INFO     ___FILE_ONLY___  
2023-11-14 14:22:15,057 INFO     ___FILE_ONLY___ │ 
2023-11-14 14:22:15,057 INFO     ___FILE_ONLY___  < 1 MiB
2023-11-14 14:22:15,057 INFO     ___FILE_ONLY___  
2023-11-14 14:22:15,057 INFO     ___FILE_ONLY___ │
2023-11-14 14:22:15,057 INFO     ___FILE_ONLY___ 

2023-11-14 14:22:15,057 INFO     ___FILE_ONLY___ │ 
2023-11-14 14:22:15,058 INFO     ___FILE_ONLY___ Google Cloud CLI Core Libraries (Platform Specific)
2023-11-14 14:22:15,058 INFO     ___FILE_ONLY___  
2023-11-14 14:22:15,058 INFO     ___FILE_ONLY___ │ 
2023-11-14 14:22:15,058 INFO     ___FILE_ONLY___ 2023.10.25
2023-11-14 14:22:15,058 INFO     ___FILE_ONLY___  
2023-11-14 14:22:15,058 INFO     ___FILE_ONLY___ │ 
2023-11-14 14:22:15,058 INFO     ___FILE_ONLY___  < 1 MiB
2023-11-14 14:22:15,058 INFO     ___FILE_ONLY___  
2023-11-14 14:22:15,058 INFO     ___FILE_ONLY___ │
2023-11-14 14:22:15,058 INFO     ___FILE_ONLY___ 

2023-11-14 14:22:15,058 INFO     ___FILE_ONLY___ │ 
2023-11-14 14:22:15,058 INFO     ___FILE_ONLY___ Google Cloud CRC32C Hash Tool                      
2023-11-14 14:22:15,058 INFO     ___FILE_ONLY___  
2023-11-14 14:22:15,058 INFO     ___FILE_ONLY___ │ 
2023-11-14 14:22:15,058 INFO     ___FILE_ONLY___      1.0.0
2023-11-14 14:22:15,059 INFO     ___FILE_ONLY___  
2023-11-14 14:22:15,059 INFO     ___FILE_ONLY___ │ 
2023-11-14 14:22:15,059 INFO     ___FILE_ONLY___  1.2 MiB
2023-11-14 14:22:15,059 INFO     ___FILE_ONLY___  
2023-11-14 14:22:15,059 INFO     ___FILE_ONLY___ │
2023-11-14 14:22:15,059 INFO     ___FILE_ONLY___ 

2023-11-14 14:22:15,059 INFO     ___FILE_ONLY___ │ 
2023-11-14 14:22:15,059 INFO     ___FILE_ONLY___ anthoscli                                          
2023-11-14 14:22:15,059 INFO     ___FILE_ONLY___  
2023-11-14 14:22:15,059 INFO     ___FILE_ONLY___ │ 
2023-11-14 14:22:15,059 INFO     ___FILE_ONLY___     0.2.44
2023-11-14 14:22:15,059 INFO     ___FILE_ONLY___  
2023-11-14 14:22:15,059 INFO     ___FILE_ONLY___ │ 
2023-11-14 14:22:15,059 INFO     ___FILE_ONLY___ 68.6 MiB
2023-11-14 14:22:15,060 INFO     ___FILE_ONLY___  
2023-11-14 14:22:15,060 INFO     ___FILE_ONLY___ │
2023-11-14 14:22:15,060 INFO     ___FILE_ONLY___ 

2023-11-14 14:22:15,060 INFO     ___FILE_ONLY___ │ 
2023-11-14 14:22:15,060 INFO     ___FILE_ONLY___ gcloud cli dependencies                            
2023-11-14 14:22:15,060 INFO     ___FILE_ONLY___  
2023-11-14 14:22:15,060 INFO     ___FILE_ONLY___ │ 
2023-11-14 14:22:15,060 INFO     ___FILE_ONLY___ 2021.04.16
2023-11-14 14:22:15,060 INFO     ___FILE_ONLY___  
2023-11-14 14:22:15,060 INFO     ___FILE_ONLY___ │ 
2023-11-14 14:22:15,060 INFO     ___FILE_ONLY___  < 1 MiB
2023-11-14 14:22:15,060 INFO     ___FILE_ONLY___  
2023-11-14 14:22:15,060 INFO     ___FILE_ONLY___ │
2023-11-14 14:22:15,060 INFO     ___FILE_ONLY___ 

2023-11-14 14:22:15,060 INFO     ___FILE_ONLY___ └─────────────────────────────────────────────────────┴────────────┴──────────┘
2023-11-14 14:22:15,061 INFO     ___FILE_ONLY___ 

2023-11-14 14:22:15,061 INFO     ___FILE_ONLY___ 

2023-11-14 14:22:15,064 DEBUG    urllib3.connectionpool Starting new HTTPS connection (1): dl.google.com:443
2023-11-14 14:22:15,143 DEBUG    urllib3.connectionpool https://dl.google.com:443 "GET /dl/cloudsdk/channels/rapid/RELEASE_NOTES HTTP/1.1" 200 1107648
2023-11-14 14:22:15,204 INFO     ___FILE_ONLY___ For the latest full release notes, please visit:
  https://cloud.google.com/sdk/release_notes


2023-11-14 14:22:15,207 INFO     ___FILE_ONLY___ ╔════════════════════════════════════════════════════════════╗

2023-11-14 14:22:15,207 INFO     ___FILE_ONLY___ ╠═ Creating update staging area                             ═╣

2023-11-14 14:22:15,207 INFO     ___FILE_ONLY___ ╚
2023-11-14 14:22:15,207 INFO     ___FILE_ONLY___ ══════
2023-11-14 14:22:15,207 INFO     ___FILE_ONLY___ ══════
2023-11-14 14:22:15,207 INFO     ___FILE_ONLY___ ══════
2023-11-14 14:22:15,427 INFO     ___FILE_ONLY___ ═
2023-11-14 14:22:15,481 INFO     ___FILE_ONLY___ ═
2023-11-14 14:22:15,550 INFO     ___FILE_ONLY___ ═
2023-11-14 14:22:15,623 INFO     ___FILE_ONLY___ ═
2023-11-14 14:22:15,680 INFO     ___FILE_ONLY___ ═
2023-11-14 14:22:15,739 INFO     ___FILE_ONLY___ ═
2023-11-14 14:22:15,800 INFO     ___FILE_ONLY___ ═
2023-11-14 14:22:15,861 INFO     ___FILE_ONLY___ ═
2023-11-14 14:22:15,919 INFO     ___FILE_ONLY___ ═
2023-11-14 14:22:15,981 INFO     ___FILE_ONLY___ ═
2023-11-14 14:22:16,031 INFO     ___FILE_ONLY___ ═
2023-11-14 14:22:16,082 INFO     ___FILE_ONLY___ ═
2023-11-14 14:22:16,147 INFO     ___FILE_ONLY___ ═
2023-11-14 14:22:16,203 INFO     ___FILE_ONLY___ ═
2023-11-14 14:22:16,262 INFO     ___FILE_ONLY___ ═
2023-11-14 14:22:16,310 INFO     ___FILE_ONLY___ ═
2023-11-14 14:22:16,365 INFO     ___FILE_ONLY___ ═
2023-11-14 14:22:16,415 INFO     ___FILE_ONLY___ ═
2023-11-14 14:22:16,468 INFO     ___FILE_ONLY___ ═
2023-11-14 14:22:16,512 INFO     ___FILE_ONLY___ ═
2023-11-14 14:22:16,550 INFO     ___FILE_ONLY___ ═
2023-11-14 14:22:16,598 INFO     ___FILE_ONLY___ ═
2023-11-14 14:22:16,653 INFO     ___FILE_ONLY___ ═
2023-11-14 14:22:16,712 INFO     ___FILE_ONLY___ ═
2023-11-14 14:22:16,872 INFO     ___FILE_ONLY___ ═
2023-11-14 14:22:16,918 INFO     ___FILE_ONLY___ ═
2023-11-14 14:22:16,976 INFO     ___FILE_ONLY___ ═
2023-11-14 14:22:17,026 INFO     ___FILE_ONLY___ ═
2023-11-14 14:22:17,071 INFO     ___FILE_ONLY___ ═
2023-11-14 14:22:17,121 INFO     ___FILE_ONLY___ ═
2023-11-14 14:22:17,166 INFO     ___FILE_ONLY___ ═
2023-11-14 14:22:17,214 INFO     ___FILE_ONLY___ ═
2023-11-14 14:22:17,310 INFO     ___FILE_ONLY___ ═
2023-11-14 14:22:17,533 INFO     ___FILE_ONLY___ ═
2023-11-14 14:22:17,618 INFO     ___FILE_ONLY___ ═
2023-11-14 14:22:17,688 INFO     ___FILE_ONLY___ ═
2023-11-14 14:22:17,739 INFO     ___FILE_ONLY___ ═
2023-11-14 14:22:17,769 INFO     ___FILE_ONLY___ ═
2023-11-14 14:22:17,796 INFO     ___FILE_ONLY___ ═
2023-11-14 14:22:17,821 INFO     ___FILE_ONLY___ ═
2023-11-14 14:22:17,850 INFO     ___FILE_ONLY___ ═
2023-11-14 14:22:17,878 INFO     ___FILE_ONLY___ ═
2023-11-14 14:22:17,878 INFO     ___FILE_ONLY___ ╝

2023-11-14 14:22:18,055 INFO     ___FILE_ONLY___ ╔════════════════════════════════════════════════════════════╗

2023-11-14 14:22:18,055 INFO     ___FILE_ONLY___ ╠═ Installing: BigQuery Command Line Tool                   ═╣

2023-11-14 14:22:18,055 INFO     ___FILE_ONLY___ ╚
2023-11-14 14:22:18,060 DEBUG    urllib3.connectionpool Starting new HTTPS connection (1): dl.google.com:443
2023-11-14 14:22:18,140 DEBUG    urllib3.connectionpool https://dl.google.com:443 "GET /dl/cloudsdk/channels/rapid/components/google-cloud-sdk-bq-20230913232318.tar.gz HTTP/1.1" 200 1659622
2023-11-14 14:22:18,150 INFO     ___FILE_ONLY___ ═
2023-11-14 14:22:18,150 INFO     ___FILE_ONLY___ ═
2023-11-14 14:22:18,151 INFO     ___FILE_ONLY___ ═
2023-11-14 14:22:18,151 INFO     ___FILE_ONLY___ ═
2023-11-14 14:22:18,151 INFO     ___FILE_ONLY___ ═
2023-11-14 14:22:18,151 INFO     ___FILE_ONLY___ ═
2023-11-14 14:22:18,151 INFO     ___FILE_ONLY___ ═
2023-11-14 14:22:18,151 INFO     ___FILE_ONLY___ ═
2023-11-14 14:22:18,152 INFO     ___FILE_ONLY___ ═
2023-11-14 14:22:18,152 INFO     ___FILE_ONLY___ ═
2023-11-14 14:22:18,152 INFO     ___FILE_ONLY___ ═
2023-11-14 14:22:18,152 INFO     ___FILE_ONLY___ ═
2023-11-14 14:22:18,152 INFO     ___FILE_ONLY___ ═
2023-11-14 14:22:18,152 INFO     ___FILE_ONLY___ ═
2023-11-14 14:22:18,152 INFO     ___FILE_ONLY___ ═
2023-11-14 14:22:18,153 INFO     ___FILE_ONLY___ ═
2023-11-14 14:22:18,153 INFO     ___FILE_ONLY___ ═
2023-11-14 14:22:18,153 INFO     ___FILE_ONLY___ ═
2023-11-14 14:22:18,153 INFO     ___FILE_ONLY___ ═
2023-11-14 14:22:18,153 INFO     ___FILE_ONLY___ ═
2023-11-14 14:22:18,153 INFO     ___FILE_ONLY___ ═
2023-11-14 14:22:18,153 INFO     ___FILE_ONLY___ ═
2023-11-14 14:22:18,154 INFO     ___FILE_ONLY___ ═
2023-11-14 14:22:18,154 INFO     ___FILE_ONLY___ ═
2023-11-14 14:22:18,154 INFO     ___FILE_ONLY___ ═
2023-11-14 14:22:18,154 INFO     ___FILE_ONLY___ ═
2023-11-14 14:22:18,154 INFO     ___FILE_ONLY___ ═
2023-11-14 14:22:18,154 INFO     ___FILE_ONLY___ ═
2023-11-14 14:22:18,155 INFO     ___FILE_ONLY___ ═
2023-11-14 14:22:18,155 INFO     ___FILE_ONLY___ ═
2023-11-14 14:22:18,276 INFO     ___FILE_ONLY___ ═
2023-11-14 14:22:18,281 INFO     ___FILE_ONLY___ ═
2023-11-14 14:22:18,285 INFO     ___FILE_ONLY___ ═
2023-11-14 14:22:18,288 INFO     ___FILE_ONLY___ ═
2023-11-14 14:22:18,292 INFO     ___FILE_ONLY___ ═
2023-11-14 14:22:18,296 INFO     ___FILE_ONLY___ ═
2023-11-14 14:22:18,300 INFO     ___FILE_ONLY___ ═
2023-11-14 14:22:18,304 INFO     ___FILE_ONLY___ ═
2023-11-14 14:22:18,309 INFO     ___FILE_ONLY___ ═
2023-11-14 14:22:18,312 INFO     ___FILE_ONLY___ ═
2023-11-14 14:22:18,315 INFO     ___FILE_ONLY___ ═
2023-11-14 14:22:18,319 INFO     ___FILE_ONLY___ ═
2023-11-14 14:22:18,325 INFO     ___FILE_ONLY___ ═
2023-11-14 14:22:18,328 INFO     ___FILE_ONLY___ ═
2023-11-14 14:22:18,331 INFO     ___FILE_ONLY___ ═
2023-11-14 14:22:18,336 INFO     ___FILE_ONLY___ ═
2023-11-14 14:22:18,340 INFO     ___FILE_ONLY___ ═
2023-11-14 14:22:18,344 INFO     ___FILE_ONLY___ ═
2023-11-14 14:22:18,349 INFO     ___FILE_ONLY___ ═
2023-11-14 14:22:18,353 INFO     ___FILE_ONLY___ ═
2023-11-14 14:22:18,357 INFO     ___FILE_ONLY___ ═
2023-11-14 14:22:18,364 INFO     ___FILE_ONLY___ ═
2023-11-14 14:22:18,370 INFO     ___FILE_ONLY___ ═
2023-11-14 14:22:18,374 INFO     ___FILE_ONLY___ ═
2023-11-14 14:22:18,377 INFO     ___FILE_ONLY___ ═
2023-11-14 14:22:18,381 INFO     ___FILE_ONLY___ ═
2023-11-14 14:22:18,385 INFO     ___FILE_ONLY___ ═
2023-11-14 14:22:18,389 INFO     ___FILE_ONLY___ ═
2023-11-14 14:22:18,393 INFO     ___FILE_ONLY___ ═
2023-11-14 14:22:18,396 INFO     ___FILE_ONLY___ ═
2023-11-14 14:22:18,396 INFO     ___FILE_ONLY___ ╝

2023-11-14 14:22:18,412 INFO     ___FILE_ONLY___ ╔════════════════════════════════════════════════════════════╗

2023-11-14 14:22:18,412 INFO     ___FILE_ONLY___ ╠═ Installing: BigQuery Command Line Tool (Platform Spec... ═╣

2023-11-14 14:22:18,412 INFO     ___FILE_ONLY___ ╚
2023-11-14 14:22:18,416 DEBUG    urllib3.connectionpool Starting new HTTPS connection (1): dl.google.com:443
2023-11-14 14:22:18,495 DEBUG    urllib3.connectionpool https://dl.google.com:443 "GET /dl/cloudsdk/channels/rapid/components/google-cloud-sdk-bq-nix-20231025210228.tar.gz HTTP/1.1" 200 2019
2023-11-14 14:22:18,495 INFO     ___FILE_ONLY___ ══════════════════════════════
2023-11-14 14:22:18,496 INFO     ___FILE_ONLY___ ══════════════════════════════
2023-11-14 14:22:18,496 INFO     ___FILE_ONLY___ ╝

2023-11-14 14:22:18,505 INFO     ___FILE_ONLY___ ╔════════════════════════════════════════════════════════════╗

2023-11-14 14:22:18,505 INFO     ___FILE_ONLY___ ╠═ Installing: Bundled Python 3.9                           ═╣

2023-11-14 14:22:18,505 INFO     ___FILE_ONLY___ ╚
2023-11-14 14:22:18,509 DEBUG    urllib3.connectionpool Starting new HTTPS connection (1): dl.google.com:443
2023-11-14 14:22:18,591 DEBUG    urllib3.connectionpool https://dl.google.com:443 "GET /dl/cloudsdk/channels/rapid/components/google-cloud-sdk-bundled-python3-unix-linux-x86_64-20231023224440.tar.gz HTTP/1.1" 200 65481810
2023-11-14 14:22:18,829 INFO     ___FILE_ONLY___ ═
2023-11-14 14:22:18,832 INFO     ___FILE_ONLY___ ═
2023-11-14 14:22:18,834 INFO     ___FILE_ONLY___ ═
2023-11-14 14:22:18,837 INFO     ___FILE_ONLY___ ═
2023-11-14 14:22:18,840 INFO     ___FILE_ONLY___ ═
2023-11-14 14:22:18,842 INFO     ___FILE_ONLY___ ═
2023-11-14 14:22:18,845 INFO     ___FILE_ONLY___ ═
2023-11-14 14:22:18,848 INFO     ___FILE_ONLY___ ═
2023-11-14 14:22:18,851 INFO     ___FILE_ONLY___ ═
2023-11-14 14:22:18,853 INFO     ___FILE_ONLY___ ═
2023-11-14 14:22:18,856 INFO     ___FILE_ONLY___ ═
2023-11-14 14:22:18,859 INFO     ___FILE_ONLY___ ═
2023-11-14 14:22:18,861 INFO     ___FILE_ONLY___ ═
2023-11-14 14:22:18,864 INFO     ___FILE_ONLY___ ═
2023-11-14 14:22:18,867 INFO     ___FILE_ONLY___ ═
2023-11-14 14:22:18,870 INFO     ___FILE_ONLY___ ═
2023-11-14 14:22:18,872 INFO     ___FILE_ONLY___ ═
2023-11-14 14:22:18,875 INFO     ___FILE_ONLY___ ═
2023-11-14 14:22:18,878 INFO     ___FILE_ONLY___ ═
2023-11-14 14:22:18,881 INFO     ___FILE_ONLY___ ═
2023-11-14 14:22:18,884 INFO     ___FILE_ONLY___ ═
2023-11-14 14:22:18,887 INFO     ___FILE_ONLY___ ═
2023-11-14 14:22:18,890 INFO     ___FILE_ONLY___ ═
2023-11-14 14:22:18,893 INFO     ___FILE_ONLY___ ═
2023-11-14 14:22:18,896 INFO     ___FILE_ONLY___ ═
2023-11-14 14:22:18,899 INFO     ___FILE_ONLY___ ═
2023-11-14 14:22:18,902 INFO     ___FILE_ONLY___ ═
2023-11-14 14:22:18,905 INFO     ___FILE_ONLY___ ═
2023-11-14 14:22:18,907 INFO     ___FILE_ONLY___ ═
2023-11-14 14:22:18,910 INFO     ___FILE_ONLY___ ═
2023-11-14 14:22:20,660 INFO     ___FILE_ONLY___ ═
2023-11-14 14:22:20,673 INFO     ___FILE_ONLY___ ═
2023-11-14 14:22:20,688 INFO     ___FILE_ONLY___ ═
2023-11-14 14:22:20,702 INFO     ___FILE_ONLY___ ═
2023-11-14 14:22:20,721 INFO     ___FILE_ONLY___ ═
2023-11-14 14:22:20,740 INFO     ___FILE_ONLY___ ═
2023-11-14 14:22:20,765 INFO     ___FILE_ONLY___ ═
2023-11-14 14:22:20,786 INFO     ___FILE_ONLY___ ═
2023-11-14 14:22:20,803 INFO     ___FILE_ONLY___ ═
2023-11-14 14:22:20,820 INFO     ___FILE_ONLY___ ═
2023-11-14 14:22:20,940 INFO     ___FILE_ONLY___ ═
2023-11-14 14:22:20,954 INFO     ___FILE_ONLY___ ═
2023-11-14 14:22:21,049 INFO     ___FILE_ONLY___ ═
2023-11-14 14:22:21,064 INFO     ___FILE_ONLY___ ═
2023-11-14 14:22:21,087 INFO     ___FILE_ONLY___ ═
2023-11-14 14:22:21,103 INFO     ___FILE_ONLY___ ═
2023-11-14 14:22:21,121 INFO     ___FILE_ONLY___ ═
2023-11-14 14:22:21,136 INFO     ___FILE_ONLY___ ═
2023-11-14 14:22:21,155 INFO     ___FILE_ONLY___ ═
2023-11-14 14:22:21,174 INFO     ___FILE_ONLY___ ═
2023-11-14 14:22:21,211 INFO     ___FILE_ONLY___ ═
2023-11-14 14:22:21,226 INFO     ___FILE_ONLY___ ═
2023-11-14 14:22:21,241 INFO     ___FILE_ONLY___ ═
2023-11-14 14:22:21,261 INFO     ___FILE_ONLY___ ═
2023-11-14 14:22:21,279 INFO     ___FILE_ONLY___ ═
2023-11-14 14:22:21,299 INFO     ___FILE_ONLY___ ═
2023-11-14 14:22:21,554 INFO     ___FILE_ONLY___ ═
2023-11-14 14:22:22,085 INFO     ___FILE_ONLY___ ═
2023-11-14 14:22:22,098 INFO     ___FILE_ONLY___ ═
2023-11-14 14:22:22,111 INFO     ___FILE_ONLY___ ═
2023-11-14 14:22:22,111 INFO     ___FILE_ONLY___ ╝

2023-11-14 14:22:22,174 INFO     ___FILE_ONLY___ ╔════════════════════════════════════════════════════════════╗

2023-11-14 14:22:22,174 INFO     ___FILE_ONLY___ ╠═ Installing: Bundled Python 3.9                           ═╣

2023-11-14 14:22:22,174 INFO     ___FILE_ONLY___ ╚
2023-11-14 14:22:22,179 INFO     ___FILE_ONLY___ ════════════════════════════════════════════════════════════
2023-11-14 14:22:22,180 INFO     ___FILE_ONLY___ ╝

2023-11-14 14:22:22,181 INFO     ___FILE_ONLY___ ╔════════════════════════════════════════════════════════════╗

2023-11-14 14:22:22,182 INFO     ___FILE_ONLY___ ╠═ Installing: Cloud Storage Command Line Tool              ═╣

2023-11-14 14:22:22,182 INFO     ___FILE_ONLY___ ╚
2023-11-14 14:22:22,186 DEBUG    urllib3.connectionpool Starting new HTTPS connection (1): dl.google.com:443
2023-11-14 14:22:22,270 DEBUG    urllib3.connectionpool https://dl.google.com:443 "GET /dl/cloudsdk/channels/rapid/components/google-cloud-sdk-gsutil-20231025210228.tar.gz HTTP/1.1" 200 11833901
2023-11-14 14:22:22,330 INFO     ___FILE_ONLY___ ═
2023-11-14 14:22:22,330 INFO     ___FILE_ONLY___ ═
2023-11-14 14:22:22,331 INFO     ___FILE_ONLY___ ═
2023-11-14 14:22:22,331 INFO     ___FILE_ONLY___ ═
2023-11-14 14:22:22,332 INFO     ___FILE_ONLY___ ═
2023-11-14 14:22:22,333 INFO     ___FILE_ONLY___ ═
2023-11-14 14:22:22,333 INFO     ___FILE_ONLY___ ═
2023-11-14 14:22:22,334 INFO     ___FILE_ONLY___ ═
2023-11-14 14:22:22,334 INFO     ___FILE_ONLY___ ═
2023-11-14 14:22:22,335 INFO     ___FILE_ONLY___ ═
2023-11-14 14:22:22,335 INFO     ___FILE_ONLY___ ═
2023-11-14 14:22:22,336 INFO     ___FILE_ONLY___ ═
2023-11-14 14:22:22,337 INFO     ___FILE_ONLY___ ═
2023-11-14 14:22:22,337 INFO     ___FILE_ONLY___ ═
2023-11-14 14:22:22,338 INFO     ___FILE_ONLY___ ═
2023-11-14 14:22:22,338 INFO     ___FILE_ONLY___ ═
2023-11-14 14:22:22,339 INFO     ___FILE_ONLY___ ═
2023-11-14 14:22:22,340 INFO     ___FILE_ONLY___ ═
2023-11-14 14:22:22,340 INFO     ___FILE_ONLY___ ═
2023-11-14 14:22:22,341 INFO     ___FILE_ONLY___ ═
2023-11-14 14:22:22,341 INFO     ___FILE_ONLY___ ═
2023-11-14 14:22:22,342 INFO     ___FILE_ONLY___ ═
2023-11-14 14:22:22,342 INFO     ___FILE_ONLY___ ═
2023-11-14 14:22:22,343 INFO     ___FILE_ONLY___ ═
2023-11-14 14:22:22,343 INFO     ___FILE_ONLY___ ═
2023-11-14 14:22:22,344 INFO     ___FILE_ONLY___ ═
2023-11-14 14:22:22,345 INFO     ___FILE_ONLY___ ═
2023-11-14 14:22:22,345 INFO     ___FILE_ONLY___ ═
2023-11-14 14:22:22,346 INFO     ___FILE_ONLY___ ═
2023-11-14 14:22:22,346 INFO     ___FILE_ONLY___ ═
2023-11-14 14:22:23,101 INFO     ___FILE_ONLY___ ═
2023-11-14 14:22:23,141 INFO     ___FILE_ONLY___ ═
2023-11-14 14:22:23,172 INFO     ___FILE_ONLY___ ═
2023-11-14 14:22:23,205 INFO     ___FILE_ONLY___ ═
2023-11-14 14:22:23,232 INFO     ___FILE_ONLY___ ═
2023-11-14 14:22:23,259 INFO     ___FILE_ONLY___ ═
2023-11-14 14:22:23,280 INFO     ___FILE_ONLY___ ═
2023-11-14 14:22:23,299 INFO     ___FILE_ONLY___ ═
2023-11-14 14:22:23,321 INFO     ___FILE_ONLY___ ═
2023-11-14 14:22:23,342 INFO     ___FILE_ONLY___ ═
2023-11-14 14:22:23,364 INFO     ___FILE_ONLY___ ═
2023-11-14 14:22:23,383 INFO     ___FILE_ONLY___ ═
2023-11-14 14:22:23,413 INFO     ___FILE_ONLY___ ═
2023-11-14 14:22:23,435 INFO     ___FILE_ONLY___ ═
2023-11-14 14:22:23,466 INFO     ___FILE_ONLY___ ═
2023-11-14 14:22:23,493 INFO     ___FILE_ONLY___ ═
2023-11-14 14:22:23,523 INFO     ___FILE_ONLY___ ═
2023-11-14 14:22:23,552 INFO     ___FILE_ONLY___ ═
2023-11-14 14:22:23,572 INFO     ___FILE_ONLY___ ═
2023-11-14 14:22:23,594 INFO     ___FILE_ONLY___ ═
2023-11-14 14:22:23,616 INFO     ___FILE_ONLY___ ═
2023-11-14 14:22:23,637 INFO     ___FILE_ONLY___ ═
2023-11-14 14:22:23,659 INFO     ___FILE_ONLY___ ═
2023-11-14 14:22:23,682 INFO     ___FILE_ONLY___ ═
2023-11-14 14:22:23,701 INFO     ___FILE_ONLY___ ═
2023-11-14 14:22:23,749 INFO     ___FILE_ONLY___ ═
2023-11-14 14:22:23,775 INFO     ___FILE_ONLY___ ═
2023-11-14 14:22:23,801 INFO     ___FILE_ONLY___ ═
2023-11-14 14:22:23,829 INFO     ___FILE_ONLY___ ═
2023-11-14 14:22:23,850 INFO     ___FILE_ONLY___ ═
2023-11-14 14:22:23,850 INFO     ___FILE_ONLY___ ╝

2023-11-14 14:22:23,923 INFO     ___FILE_ONLY___ ╔════════════════════════════════════════════════════════════╗

2023-11-14 14:22:23,923 INFO     ___FILE_ONLY___ ╠═ Installing: Cloud Storage Command Line Tool (Platform... ═╣

2023-11-14 14:22:23,923 INFO     ___FILE_ONLY___ ╚
2023-11-14 14:22:23,927 DEBUG    urllib3.connectionpool Starting new HTTPS connection (1): dl.google.com:443
2023-11-14 14:22:24,012 DEBUG    urllib3.connectionpool https://dl.google.com:443 "GET /dl/cloudsdk/channels/rapid/components/google-cloud-sdk-gsutil-nix-20231025210228.tar.gz HTTP/1.1" 200 2035
2023-11-14 14:22:24,012 INFO     ___FILE_ONLY___ ══════════════════════════════
2023-11-14 14:22:24,013 INFO     ___FILE_ONLY___ ══════════════════════════════
2023-11-14 14:22:24,013 INFO     ___FILE_ONLY___ ╝

2023-11-14 14:22:24,022 INFO     ___FILE_ONLY___ ╔════════════════════════════════════════════════════════════╗

2023-11-14 14:22:24,022 INFO     ___FILE_ONLY___ ╠═ Installing: Default set of gcloud commands               ═╣

2023-11-14 14:22:24,022 INFO     ___FILE_ONLY___ ╚
2023-11-14 14:22:24,028 INFO     ___FILE_ONLY___ ════════════════════════════════════════════════════════════
2023-11-14 14:22:24,028 INFO     ___FILE_ONLY___ ╝

2023-11-14 14:22:24,030 INFO     ___FILE_ONLY___ ╔════════════════════════════════════════════════════════════╗

2023-11-14 14:22:24,030 INFO     ___FILE_ONLY___ ╠═ Installing: Google Cloud CLI Core Libraries (Platform... ═╣

2023-11-14 14:22:24,030 INFO     ___FILE_ONLY___ ╚
2023-11-14 14:22:24,033 DEBUG    urllib3.connectionpool Starting new HTTPS connection (1): dl.google.com:443
2023-11-14 14:22:24,116 DEBUG    urllib3.connectionpool https://dl.google.com:443 "GET /dl/cloudsdk/channels/rapid/components/google-cloud-sdk-core-nix-20231025210228.tar.gz HTTP/1.1" 200 2402
2023-11-14 14:22:24,117 INFO     ___FILE_ONLY___ ══════════════════════════════
2023-11-14 14:22:24,118 INFO     ___FILE_ONLY___ ═══════════════
2023-11-14 14:22:24,118 INFO     ___FILE_ONLY___ ═══════════════
2023-11-14 14:22:24,118 INFO     ___FILE_ONLY___ ╝

2023-11-14 14:22:24,127 INFO     ___FILE_ONLY___ ╔════════════════════════════════════════════════════════════╗

2023-11-14 14:22:24,127 INFO     ___FILE_ONLY___ ╠═ Installing: Google Cloud CRC32C Hash Tool                ═╣

2023-11-14 14:22:24,128 INFO     ___FILE_ONLY___ ╚
2023-11-14 14:22:24,131 DEBUG    urllib3.connectionpool Starting new HTTPS connection (1): dl.google.com:443
2023-11-14 14:22:24,213 DEBUG    urllib3.connectionpool https://dl.google.com:443 "GET /dl/cloudsdk/channels/rapid/components/google-cloud-sdk-gcloud-crc32c-linux-x86_64-20231023224440.tar.gz HTTP/1.1" 200 1289207
2023-11-14 14:22:24,223 INFO     ___FILE_ONLY___ ═
2023-11-14 14:22:24,223 INFO     ___FILE_ONLY___ ═
2023-11-14 14:22:24,223 INFO     ___FILE_ONLY___ ═
2023-11-14 14:22:24,223 INFO     ___FILE_ONLY___ ═
2023-11-14 14:22:24,223 INFO     ___FILE_ONLY___ ═
2023-11-14 14:22:24,223 INFO     ___FILE_ONLY___ ═
2023-11-14 14:22:24,224 INFO     ___FILE_ONLY___ ═
2023-11-14 14:22:24,224 INFO     ___FILE_ONLY___ ═
2023-11-14 14:22:24,224 INFO     ___FILE_ONLY___ ═
2023-11-14 14:22:24,224 INFO     ___FILE_ONLY___ ═
2023-11-14 14:22:24,224 INFO     ___FILE_ONLY___ ═
2023-11-14 14:22:24,224 INFO     ___FILE_ONLY___ ═
2023-11-14 14:22:24,224 INFO     ___FILE_ONLY___ ═
2023-11-14 14:22:24,224 INFO     ___FILE_ONLY___ ═
2023-11-14 14:22:24,225 INFO     ___FILE_ONLY___ ═
2023-11-14 14:22:24,225 INFO     ___FILE_ONLY___ ═
2023-11-14 14:22:24,225 INFO     ___FILE_ONLY___ ═
2023-11-14 14:22:24,225 INFO     ___FILE_ONLY___ ═
2023-11-14 14:22:24,225 INFO     ___FILE_ONLY___ ═
2023-11-14 14:22:24,225 INFO     ___FILE_ONLY___ ═
2023-11-14 14:22:24,225 INFO     ___FILE_ONLY___ ═
2023-11-14 14:22:24,226 INFO     ___FILE_ONLY___ ═
2023-11-14 14:22:24,226 INFO     ___FILE_ONLY___ ═
2023-11-14 14:22:24,226 INFO     ___FILE_ONLY___ ═
2023-11-14 14:22:24,226 INFO     ___FILE_ONLY___ ═
2023-11-14 14:22:24,226 INFO     ___FILE_ONLY___ ═
2023-11-14 14:22:24,226 INFO     ___FILE_ONLY___ ═
2023-11-14 14:22:24,226 INFO     ___FILE_ONLY___ ═
2023-11-14 14:22:24,226 INFO     ___FILE_ONLY___ ═
2023-11-14 14:22:24,227 INFO     ___FILE_ONLY___ ═
2023-11-14 14:22:24,258 INFO     ___FILE_ONLY___ ═══════════════
2023-11-14 14:22:24,259 INFO     ___FILE_ONLY___ ═══════════════
2023-11-14 14:22:24,259 INFO     ___FILE_ONLY___ ╝

2023-11-14 14:22:24,268 INFO     ___FILE_ONLY___ ╔════════════════════════════════════════════════════════════╗

2023-11-14 14:22:24,268 INFO     ___FILE_ONLY___ ╠═ Installing: Google Cloud CRC32C Hash Tool                ═╣

2023-11-14 14:22:24,268 INFO     ___FILE_ONLY___ ╚
2023-11-14 14:22:24,273 INFO     ___FILE_ONLY___ ════════════════════════════════════════════════════════════
2023-11-14 14:22:24,273 INFO     ___FILE_ONLY___ ╝

2023-11-14 14:22:24,275 INFO     ___FILE_ONLY___ ╔════════════════════════════════════════════════════════════╗

2023-11-14 14:22:24,275 INFO     ___FILE_ONLY___ ╠═ Installing: anthoscli                                    ═╣

2023-11-14 14:22:24,275 INFO     ___FILE_ONLY___ ╚
2023-11-14 14:22:24,280 INFO     ___FILE_ONLY___ ════════════════════════════════════════════════════════════
2023-11-14 14:22:24,280 INFO     ___FILE_ONLY___ ╝

2023-11-14 14:22:24,282 INFO     ___FILE_ONLY___ ╔════════════════════════════════════════════════════════════╗

2023-11-14 14:22:24,282 INFO     ___FILE_ONLY___ ╠═ Installing: anthoscli                                    ═╣

2023-11-14 14:22:24,282 INFO     ___FILE_ONLY___ ╚
2023-11-14 14:22:24,286 DEBUG    urllib3.connectionpool Starting new HTTPS connection (1): dl.google.com:443
2023-11-14 14:22:24,367 DEBUG    urllib3.connectionpool https://dl.google.com:443 "GET /dl/cloudsdk/channels/rapid/components/google-cloud-sdk-anthoscli-linux-x86_64-20231103141548.tar.gz HTTP/1.1" 200 71983894
2023-11-14 14:22:24,627 INFO     ___FILE_ONLY___ ═
2023-11-14 14:22:24,630 INFO     ___FILE_ONLY___ ═
2023-11-14 14:22:24,633 INFO     ___FILE_ONLY___ ═
2023-11-14 14:22:24,636 INFO     ___FILE_ONLY___ ═
2023-11-14 14:22:24,639 INFO     ___FILE_ONLY___ ═
2023-11-14 14:22:24,642 INFO     ___FILE_ONLY___ ═
2023-11-14 14:22:24,645 INFO     ___FILE_ONLY___ ═
2023-11-14 14:22:24,648 INFO     ___FILE_ONLY___ ═
2023-11-14 14:22:24,651 INFO     ___FILE_ONLY___ ═
2023-11-14 14:22:24,654 INFO     ___FILE_ONLY___ ═
2023-11-14 14:22:24,657 INFO     ___FILE_ONLY___ ═
2023-11-14 14:22:24,660 INFO     ___FILE_ONLY___ ═
2023-11-14 14:22:24,663 INFO     ___FILE_ONLY___ ═
2023-11-14 14:22:24,666 INFO     ___FILE_ONLY___ ═
2023-11-14 14:22:24,669 INFO     ___FILE_ONLY___ ═
2023-11-14 14:22:24,672 INFO     ___FILE_ONLY___ ═
2023-11-14 14:22:24,675 INFO     ___FILE_ONLY___ ═
2023-11-14 14:22:24,678 INFO     ___FILE_ONLY___ ═
2023-11-14 14:22:24,681 INFO     ___FILE_ONLY___ ═
2023-11-14 14:22:24,684 INFO     ___FILE_ONLY___ ═
2023-11-14 14:22:24,687 INFO     ___FILE_ONLY___ ═
2023-11-14 14:22:24,690 INFO     ___FILE_ONLY___ ═
2023-11-14 14:22:24,693 INFO     ___FILE_ONLY___ ═
2023-11-14 14:22:24,696 INFO     ___FILE_ONLY___ ═
2023-11-14 14:22:24,699 INFO     ___FILE_ONLY___ ═
2023-11-14 14:22:24,702 INFO     ___FILE_ONLY___ ═
2023-11-14 14:22:24,705 INFO     ___FILE_ONLY___ ═
2023-11-14 14:22:24,709 INFO     ___FILE_ONLY___ ═
2023-11-14 14:22:24,712 INFO     ___FILE_ONLY___ ═
2023-11-14 14:22:24,715 INFO     ___FILE_ONLY___ ═
2023-11-14 14:22:26,855 INFO     ___FILE_ONLY___ ══════════
2023-11-14 14:22:26,860 INFO     ___FILE_ONLY___ ═════════
2023-11-14 14:22:26,885 INFO     ___FILE_ONLY___ ═══════════
2023-11-14 14:22:26,885 INFO     ___FILE_ONLY___ ╝

2023-11-14 14:22:26,907 INFO     ___FILE_ONLY___ ╔════════════════════════════════════════════════════════════╗

2023-11-14 14:22:26,907 INFO     ___FILE_ONLY___ ╠═ Installing: gcloud cli dependencies                      ═╣

2023-11-14 14:22:26,907 INFO     ___FILE_ONLY___ ╚
2023-11-14 14:22:26,911 DEBUG    urllib3.connectionpool Starting new HTTPS connection (1): dl.google.com:443
2023-11-14 14:22:26,986 DEBUG    urllib3.connectionpool https://dl.google.com:443 "GET /dl/cloudsdk/channels/rapid/components/google-cloud-sdk-gcloud-deps-linux-x86_64-20210416153011.tar.gz HTTP/1.1" 200 104
2023-11-14 14:22:26,986 INFO     ___FILE_ONLY___ ══════════════════════════════
2023-11-14 14:22:26,987 INFO     ___FILE_ONLY___ ══════════════════════════════
2023-11-14 14:22:26,987 INFO     ___FILE_ONLY___ ╝

2023-11-14 14:22:26,995 INFO     ___FILE_ONLY___ ╔════════════════════════════════════════════════════════════╗

2023-11-14 14:22:26,995 INFO     ___FILE_ONLY___ ╠═ Creating backup and activating new installation          ═╣

2023-11-14 14:22:26,995 INFO     ___FILE_ONLY___ ╚
2023-11-14 14:22:26,995 DEBUG    root            Attempting to move directory [/tools/google-cloud-sdk] to [/tools/google-cloud-sdk.staging/.install/.backup]
2023-11-14 14:22:26,995 INFO     ___FILE_ONLY___ ══════════════════════════════
2023-11-14 14:22:26,996 DEBUG    root            Attempting to move directory [/tools/google-cloud-sdk.staging] to [/tools/google-cloud-sdk]
2023-11-14 14:22:26,996 INFO     ___FILE_ONLY___ ══════════════════════════════
2023-11-14 14:22:26,996 INFO     ___FILE_ONLY___ ╝

2023-11-14 14:22:27,000 DEBUG    root            Updating notification cache...
2023-11-14 14:22:27,000 INFO     ___FILE_ONLY___ 

2023-11-14 14:22:27,002 INFO     ___FILE_ONLY___ Performing post processing steps...
2023-11-14 14:22:27,002 DEBUG    root            Executing command: ['python3', '-S', '/tools/google-cloud-sdk/lib/gcloud.py', 'components', 'post-process']
2023-11-14 14:22:36,298 DEBUG    ___FILE_ONLY___ 
2023-11-14 14:22:36,298 DEBUG    ___FILE_ONLY___ 
2023-11-14 14:22:36,517 INFO     ___FILE_ONLY___ 
Update done!


2023-11-14 14:22:36,521 DEBUG    root            Chosen display Format:none
2023-11-14 14:22:36,521 INFO     root            Display format: "none"
